Determining if the pthread_create exist failed with the following output:
Change Dir: /home/yaxian/catkin_ws/src/wheelchair/actor_collisions/build/CMakeFiles/CMakeTmp

Run Build Command:"/usr/bin/make" "cmTC_97dd7/fast"
/usr/bin/make -f CMakeFiles/cmTC_97dd7.dir/build.make CMakeFiles/cmTC_97dd7.dir/build
make[1]: Entering directory '/home/yaxian/catkin_ws/src/wheelchair/actor_collisions/build/CMakeFiles/CMakeTmp'
Building C object CMakeFiles/cmTC_97dd7.dir/CheckSymbolExists.c.o
/usr/bin/cc     -o CMakeFiles/cmTC_97dd7.dir/CheckSymbolExists.c.o   -c /home/yaxian/catkin_ws/src/wheelchair/actor_collisions/build/CMakeFiles/CMakeTmp/CheckSymbolExists.c
Linking C executable cmTC_97dd7
/usr/bin/cmake -E cmake_link_script CMakeFiles/cmTC_97dd7.dir/link.txt --verbose=1
/usr/bin/cc       CMakeFiles/cmTC_97dd7.dir/CheckSymbolExists.c.o  -o cmTC_97dd7 -rdynamic 
CMakeFiles/cmTC_97dd7.dir/CheckSymbolExists.c.o：在函数‘main’中：
CheckSymbolExists.c:(.text+0x16)：对‘pthread_create’未定义的引用
collect2: error: ld returned 1 exit status
CMakeFiles/cmTC_97dd7.dir/build.make:97: recipe for target 'cmTC_97dd7' failed
make[1]: *** [cmTC_97dd7] Error 1
make[1]: Leaving directory '/home/yaxian/catkin_ws/src/wheelchair/actor_collisions/build/CMakeFiles/CMakeTmp'
Makefile:126: recipe for target 'cmTC_97dd7/fast' failed
make: *** [cmTC_97dd7/fast] Error 2

File /home/yaxian/catkin_ws/src/wheelchair/actor_collisions/build/CMakeFiles/CMakeTmp/CheckSymbolExists.c:
/* */
#include <pthread.h>

int main(int argc, char** argv)
{
  (void)argv;
#ifndef pthread_create
  return ((int*)(&pthread_create))[argc];
#else
  (void)argc;
  return 0;
#endif
}

Determining if the function pthread_create exists in the pthreads failed with the following output:
Change Dir: /home/yaxian/catkin_ws/src/wheelchair/actor_collisions/build/CMakeFiles/CMakeTmp

Run Build Command:"/usr/bin/make" "cmTC_50712/fast"
/usr/bin/make -f CMakeFiles/cmTC_50712.dir/build.make CMakeFiles/cmTC_50712.dir/build
make[1]: Entering directory '/home/yaxian/catkin_ws/src/wheelchair/actor_collisions/build/CMakeFiles/CMakeTmp'
Building C object CMakeFiles/cmTC_50712.dir/CheckFunctionExists.c.o
/usr/bin/cc    -DCHECK_FUNCTION_EXISTS=pthread_create   -o CMakeFiles/cmTC_50712.dir/CheckFunctionExists.c.o   -c /usr/share/cmake-3.5/Modules/CheckFunctionExists.c
Linking C executable cmTC_50712
/usr/bin/cmake -E cmake_link_script CMakeFiles/cmTC_50712.dir/link.txt --verbose=1
/usr/bin/cc   -DCHECK_FUNCTION_EXISTS=pthread_create    CMakeFiles/cmTC_50712.dir/CheckFunctionExists.c.o  -o cmTC_50712 -rdynamic -lpthreads 
/usr/bin/ld: 找不到 -lpthreads
collect2: error: ld returned 1 exit status
CMakeFiles/cmTC_50712.dir/build.make:97: recipe for target 'cmTC_50712' failed
make[1]: *** [cmTC_50712] Error 1
make[1]: Leaving directory '/home/yaxian/catkin_ws/src/wheelchair/actor_collisions/build/CMakeFiles/CMakeTmp'
Makefile:126: recipe for target 'cmTC_50712/fast' failed
make: *** [cmTC_50712/fast] Error 2


